<?xml version="1.0" encoding="UTF-8"?>
<!-- Generated by org.testng.reporters.JUnitXMLReporter -->
<testsuite ignored="0" hostname="DinendraZenbook" failures="1" tests="1" name="Surefire test" time="50.483" errors="0" timestamp="2024-02-07T22:56:23 IST">
  <testcase classname="Dinendra_Deb.SeleniumFrameworkDesign.Tests.SubmitOrderTest" name="SubmitOrder" time="26.353">
    <failure type="java.lang.NullPointerException" message="Cannot invoke &amp;quot;org.openqa.selenium.WebElement.findElement(org.openqa.selenium.By)&amp;quot; because &amp;quot;e&amp;quot; is null">
      <![CDATA[java.lang.NullPointerException: Cannot invoke "org.openqa.selenium.WebElement.findElement(org.openqa.selenium.By)" because "e" is null
at PageObject.ProductCatalogue.addProducttoCart(ProductCatalogue.java:54)
at Dinendra_Deb.SeleniumFrameworkDesign.Tests.SubmitOrderTest.SubmitOrder(SubmitOrderTest.java:24)
at java.base/java.util.ArrayList.forEach(ArrayList.java:1596)
... Removed 30 stack frames]]>
    </failure>
  </testcase> <!-- SubmitOrder -->
</testsuite> <!-- Surefire test -->
